Drill report for ASTRA_Tracking_Antenna_V2.kicad_pcb
Created on 2026-01-21T23:09:00-0600

Copper Layer Stackup:
    =============================================================
    L1 :  F.Cu                      front
    L2 :  B.Cu                      back


Drill file 'ASTRA_Tracking_Antenna_V2-PTH.drl' contains
    plated through holes:
    =============================================================
    T1  0.300mm  0.0118"  (665 holes)
    T2  0.762mm  0.0300"  (27 holes)
    T3  1.000mm  0.0394"  (106 holes)
    T4  1.400mm  0.0551"  (8 holes)
    T5  2.700mm  0.1063"  (8 holes)
    T6  4.500mm  0.1772"  (2 holes)

    Total plated holes count 816


Drill file 'ASTRA_Tracking_Antenna_V2-NPTH.drl' contains
    unplated through holes:
    =============================================================
    T1  3.200mm  0.1260"  (4 holes)

    Total unplated holes count 4
